2019:01:14 09:28:36,Tuesday,UTC  25792 INFO This is a log test, don't worry.    --bases/main.cpp line:39
2019:01:14 09:28:36,Tuesday,UTC  25792 INFO #include    --bases/main.cpp line:45
2019:01:14 09:28:36,Tuesday,UTC  25792 INFO <string>    --bases/main.cpp line:45
2019:01:14 09:28:36,Tuesday,UTC  25792 INFO #include    --bases/main.cpp line:45
2019:01:14 09:28:36,Tuesday,UTC  25792 INFO <vector>    --bases/main.cpp line:45
2019:01:14 09:28:36,Tuesday,UTC  25792 INFO #include    --bases/main.cpp line:45
2019:01:14 09:28:36,Tuesday,UTC  25792 INFO <iostream>    --bases/main.cpp line:45
2019:01:14 09:28:36,Tuesday,UTC  25792 INFO #include    --bases/main.cpp line:45
2019:01:14 09:28:36,Tuesday,UTC  25792 INFO <sys/timerfd.h>    --bases/main.cpp line:45
2019:01:14 09:28:36,Tuesday,UTC  25792 INFO #include    --bases/main.cpp line:45
2019:01:14 09:28:36,Tuesday,UTC  25792 INFO <string.h>    --bases/main.cpp line:45
2019:01:14 09:28:36,Tuesday,UTC  25792 INFO #include    --bases/main.cpp line:45
2019:01:14 09:28:36,Tuesday,UTC  25792 INFO <unistd.h>    --bases/main.cpp line:45
2019:01:14 09:28:36,Tuesday,UTC  25792 INFO #include    --bases/main.cpp line:45
2019:01:14 09:28:36,Tuesday,UTC  25792 INFO <fstream>    --bases/main.cpp line:45
2019:01:14 09:28:36,Tuesday,UTC  25792 INFO #include    --bases/main.cpp line:45
2019:01:14 09:28:36,Tuesday,UTC  25792 INFO <sstream>    --bases/main.cpp line:45
2019:01:14 09:28:36,Tuesday,UTC  25792 INFO #include    --bases/main.cpp line:45
2019:01:14 09:28:36,Tuesday,UTC  25792 INFO <stdlib.h>    --bases/main.cpp line:45
2019:01:14 09:28:36,Tuesday,UTC  25792 INFO #include    --bases/main.cpp line:45
2019:01:14 09:28:36,Tuesday,UTC  25792 INFO "asyncLog.h"    --bases/main.cpp line:45
2019:01:14 09:28:36,Tuesday,UTC  25792 INFO #include    --bases/main.cpp line:45
2019:01:14 09:28:36,Tuesday,UTC  25792 INFO "thread.h"    --bases/main.cpp line:45
2019:01:14 09:28:36,Tuesday,UTC  25792 INFO #include    --bases/main.cpp line:45
2019:01:14 09:28:36,Tuesday,UTC  25792 INFO "logger.h"    --bases/main.cpp line:45
2019:01:14 09:28:36,Tuesday,UTC  25792 INFO using    --bases/main.cpp line:45
2019:01:14 09:28:36,Tuesday,UTC  25792 INFO namespace    --bases/main.cpp line:45
2019:01:14 09:28:36,Tuesday,UTC  25792 INFO bases;    --bases/main.cpp line:45
2019:01:14 09:28:36,Tuesday,UTC  25792 INFO using    --bases/main.cpp line:45
2019:01:14 09:28:36,Tuesday,UTC  25792 INFO std::cout;    --bases/main.cpp line:45
2019:01:14 09:28:36,Tuesday,UTC  25792 INFO using    --bases/main.cpp line:45
2019:01:14 09:28:36,Tuesday,UTC  25792 INFO std::endl;    --bases/main.cpp line:45
2019:01:14 09:28:36,Tuesday,UTC  25792 INFO using    --bases/main.cpp line:45
2019:01:14 09:28:36,Tuesday,UTC  25792 INFO std::ifstream;    --bases/main.cpp line:45
2019:01:14 09:28:36,Tuesday,UTC  25792 INFO using    --bases/main.cpp line:45
2019:01:14 09:28:36,Tuesday,UTC  25792 INFO std::istringstream;    --bases/main.cpp line:45
2019:01:14 09:28:36,Tuesday,UTC  25792 INFO using    --bases/main.cpp line:45
2019:01:14 09:28:36,Tuesday,UTC  25792 INFO std::string;    --bases/main.cpp line:45
2019:01:14 09:28:36,Tuesday,UTC  25792 INFO using    --bases/main.cpp line:45
2019:01:14 09:28:36,Tuesday,UTC  25792 INFO std::vector;    --bases/main.cpp line:45
2019:01:14 09:28:36,Tuesday,UTC  25792 INFO vector<string>    --bases/main.cpp line:45
2019:01:14 09:28:36,Tuesday,UTC  25792 INFO getString(ifstream    --bases/main.cpp line:45
2019:01:14 09:28:36,Tuesday,UTC  25792 INFO &inFile)    --bases/main.cpp line:45
2019:01:14 09:28:36,Tuesday,UTC  25792 INFO {    --bases/main.cpp line:45
2019:01:14 09:28:36,Tuesday,UTC  25792 INFO string    --bases/main.cpp line:45
2019:01:14 09:28:36,Tuesday,UTC  25792 INFO line,    --bases/main.cpp line:45
2019:01:14 09:28:36,Tuesday,UTC  25792 INFO word;    --bases/main.cpp line:45
2019:01:14 09:28:36,Tuesday,UTC  25792 INFO vector<string>    --bases/main.cpp line:45
2019:01:14 09:28:36,Tuesday,UTC  25792 INFO ret;    --bases/main.cpp line:45
2019:01:14 09:28:36,Tuesday,UTC  25792 INFO while    --bases/main.cpp line:45
2019:01:14 09:28:36,Tuesday,UTC  25792 INFO (getline(inFile,    --bases/main.cpp line:45
2019:01:14 09:28:36,Tuesday,UTC  25792 INFO line))    --bases/main.cpp line:45
2019:01:14 09:28:36,Tuesday,UTC  25792 INFO {    --bases/main.cpp line:45
2019:01:14 09:28:36,Tuesday,UTC  25792 INFO istringstream    --bases/main.cpp line:45
2019:01:14 09:28:36,Tuesday,UTC  25792 INFO record(line);    --bases/main.cpp line:45
2019:01:14 09:28:36,Tuesday,UTC  25792 INFO while    --bases/main.cpp line:45
2019:01:14 09:28:36,Tuesday,UTC  25792 INFO (record    --bases/main.cpp line:45
2019:01:14 09:28:36,Tuesday,UTC  25792 INFO >>    --bases/main.cpp line:45
2019:01:14 09:28:36,Tuesday,UTC  25792 INFO word)    --bases/main.cpp line:45
2019:01:14 09:28:36,Tuesday,UTC  25792 INFO ret.push_back(word);    --bases/main.cpp line:45
2019:01:14 09:28:36,Tuesday,UTC  25792 INFO }    --bases/main.cpp line:45
2019:01:14 09:28:36,Tuesday,UTC  25792 INFO return    --bases/main.cpp line:45
2019:01:14 09:28:36,Tuesday,UTC  25792 INFO ret;    --bases/main.cpp line:45
2019:01:14 09:28:36,Tuesday,UTC  25792 INFO }    --bases/main.cpp line:45
2019:01:14 09:28:36,Tuesday,UTC  25792 INFO AsyncLog    --bases/main.cpp line:45
2019:01:14 09:28:36,Tuesday,UTC  25792 INFO *globalAsync    --bases/main.cpp line:45
2019:01:14 09:28:36,Tuesday,UTC  25792 INFO =    --bases/main.cpp line:45
2019:01:14 09:28:36,Tuesday,UTC  25792 INFO nullptr;    --bases/main.cpp line:45
2019:01:14 09:28:36,Tuesday,UTC  25792 INFO void    --bases/main.cpp line:45
2019:01:14 09:28:36,Tuesday,UTC  25792 INFO logFunc(const    --bases/main.cpp line:45
2019:01:14 09:28:36,Tuesday,UTC  25792 INFO char    --bases/main.cpp line:45
2019:01:14 09:28:36,Tuesday,UTC  25792 INFO *msg,    --bases/main.cpp line:45
2019:01:14 09:28:36,Tuesday,UTC  25792 INFO size_t    --bases/main.cpp line:45
2019:01:14 09:28:36,Tuesday,UTC  25792 INFO len)    --bases/main.cpp line:45
2019:01:14 09:28:36,Tuesday,UTC  25792 INFO {    --bases/main.cpp line:45
2019:01:14 09:28:36,Tuesday,UTC  25792 INFO globalAsync->append(msg,    --bases/main.cpp line:45
2019:01:14 09:28:36,Tuesday,UTC  25792 INFO len);    --bases/main.cpp line:45
2019:01:14 09:28:36,Tuesday,UTC  25792 INFO }    --bases/main.cpp line:45
2019:01:14 09:28:36,Tuesday,UTC  25792 INFO int    --bases/main.cpp line:45
2019:01:14 09:28:36,Tuesday,UTC  25792 INFO main()    --bases/main.cpp line:45
2019:01:14 09:28:36,Tuesday,UTC  25792 INFO {    --bases/main.cpp line:45
2019:01:14 09:28:36,Tuesday,UTC  25792 INFO LOG_INFO    --bases/main.cpp line:45
2019:01:14 09:28:36,Tuesday,UTC  25792 INFO <<    --bases/main.cpp line:45
2019:01:14 09:28:36,Tuesday,UTC  25792 INFO "This    --bases/main.cpp line:45
2019:01:14 09:28:36,Tuesday,UTC  25792 INFO is    --bases/main.cpp line:45
2019:01:14 09:28:36,Tuesday,UTC  25792 INFO a    --bases/main.cpp line:45
2019:01:14 09:28:36,Tuesday,UTC  25792 INFO log    --bases/main.cpp line:45
2019:01:14 09:28:36,Tuesday,UTC  25792 INFO test,    --bases/main.cpp line:45
2019:01:14 09:28:36,Tuesday,UTC  25792 INFO don't    --bases/main.cpp line:45
2019:01:14 09:28:36,Tuesday,UTC  25792 INFO worry.";    --bases/main.cpp line:45
2019:01:14 09:28:36,Tuesday,UTC  25792 INFO //LOG_FATAL    --bases/main.cpp line:45
2019:01:14 09:28:36,Tuesday,UTC  25792 INFO <<    --bases/main.cpp line:45
2019:01:14 09:28:36,Tuesday,UTC  25792 INFO "fatal    --bases/main.cpp line:45
2019:01:14 09:28:36,Tuesday,UTC  25792 INFO test.";    --bases/main.cpp line:45
2019:01:14 09:28:36,Tuesday,UTC  25792 INFO //同下    --bases/main.cpp line:45
2019:01:14 09:28:36,Tuesday,UTC  25792 INFO 使用绝对路径    --bases/main.cpp line:45
2019:01:14 09:28:36,Tuesday,UTC  25792 INFO ifstream    --bases/main.cpp line:45
2019:01:14 09:28:36,Tuesday,UTC  25792 INFO inFile("/home/oldhen/cpptest/bases/main.cpp");    --bases/main.cpp line:45
2019:01:14 09:28:36,Tuesday,UTC  25792 INFO vector<string>    --bases/main.cpp line:45
2019:01:14 09:28:36,Tuesday,UTC  25792 INFO vs    --bases/main.cpp line:45
2019:01:14 09:28:36,Tuesday,UTC  25792 INFO =    --bases/main.cpp line:45
2019:01:14 09:28:36,Tuesday,UTC  25792 INFO getString(inFile);    --bases/main.cpp line:45
2019:01:14 09:28:36,Tuesday,UTC  25792 INFO for    --bases/main.cpp line:45
2019:01:14 09:28:36,Tuesday,UTC  25792 INFO (auto    --bases/main.cpp line:45
2019:01:14 09:28:36,Tuesday,UTC  25792 INFO &str    --bases/main.cpp line:45
2019:01:14 09:28:36,Tuesday,UTC  25792 INFO :    --bases/main.cpp line:45
2019:01:14 09:28:36,Tuesday,UTC  25792 INFO vs)    --bases/main.cpp line:45
2019:01:14 09:28:36,Tuesday,UTC  25792 INFO LOG_INFO    --bases/main.cpp line:45
2019:01:14 09:28:36,Tuesday,UTC  25792 INFO <<    --bases/main.cpp line:45
2019:01:14 09:28:36,Tuesday,UTC  25792 INFO str;    --bases/main.cpp line:45
2019:01:14 09:28:36,Tuesday,UTC  25792 INFO //fopen的相对路径中的当前目录在不同的环境下是不同的    --bases/main.cpp line:45
2019:01:14 09:28:36,Tuesday,UTC  25792 INFO //在命令行中直接调用可执行文件(或gdb)    --bases/main.cpp line:45
2019:01:14 09:28:36,Tuesday,UTC  25792 INFO 相对路径的当前目录就是可执行文件所在的目录    --bases/main.cpp line:45
2019:01:14 09:28:36,Tuesday,UTC  25792 INFO //但是在vscode里执行    --bases/main.cpp line:45
2019:01:14 09:28:36,Tuesday,UTC  25792 INFO 相对路径的当前目录是工程的目录    --bases/main.cpp line:45
2019:01:14 09:28:36,Tuesday,UTC  25792 INFO //所以切记使用绝对路径    --bases/main.cpp line:45
2019:01:14 09:28:36,Tuesday,UTC  25792 INFO /*    --bases/main.cpp line:45
2019:01:14 09:28:36,Tuesday,UTC  25792 INFO AsyncLog    --bases/main.cpp line:45
2019:01:14 09:28:36,Tuesday,UTC  25792 INFO logging("/home/oldhen/cpptest/logfile/");    --bases/main.cpp line:45
2019:01:14 09:28:36,Tuesday,UTC  25792 INFO logging.run();    --bases/main.cpp line:45
2019:01:14 09:28:36,Tuesday,UTC  25792 INFO string    --bases/main.cpp line:45
2019:01:14 09:28:36,Tuesday,UTC  25792 INFO line;    --bases/main.cpp line:45
2019:01:14 09:28:36,Tuesday,UTC  25792 INFO while    --bases/main.cpp line:45
2019:01:14 09:28:36,Tuesday,UTC  25792 INFO (getline(inFile,    --bases/main.cpp line:45
2019:01:14 09:28:36,Tuesday,UTC  25792 INFO line))    --bases/main.cpp line:45
2019:01:14 09:28:36,Tuesday,UTC  25792 INFO {    --bases/main.cpp line:45
2019:01:14 09:28:36,Tuesday,UTC  25792 INFO if    --bases/main.cpp line:45
2019:01:14 09:28:36,Tuesday,UTC  25792 INFO (line.empty())    --bases/main.cpp line:45
2019:01:14 09:28:36,Tuesday,UTC  25792 INFO continue;    --bases/main.cpp line:45
2019:01:14 09:28:36,Tuesday,UTC  25792 INFO line    --bases/main.cpp line:45
2019:01:14 09:28:36,Tuesday,UTC  25792 INFO +=    --bases/main.cpp line:45
2019:01:14 09:28:36,Tuesday,UTC  25792 INFO '\n';    --bases/main.cpp line:45
2019:01:14 09:28:36,Tuesday,UTC  25792 INFO logging.append(line.c_str(),    --bases/main.cpp line:45
